0 info it worked if it ends with ok
1 verbose cli [ '/Users/csterling/.nvm/v0.10.26/bin/node',
1 verbose cli   '/Users/csterling/.nvm/v0.10.26/bin/npm',
1 verbose cli   'install' ]
2 info using npm@1.4.3
3 info using node@v0.10.26
4 verbose readDependencies using package.json deps
5 verbose install where, deps [ '/Users/csterling/projects/hackathon/angular-safe-tools',
5 verbose install   [ 'grunt',
5 verbose install     'grunt-cli',
5 verbose install     'grunt-contrib-jasmine',
5 verbose install     'grunt-contrib-jshint',
5 verbose install     'bower',
5 verbose install     'karma',
5 verbose install     'grunt-karma',
5 verbose install     'karma-jasmine',
5 verbose install     'karma-phantomjs-launcher' ] ]
6 info preinstall MyApp@0.1.1
7 verbose readDependencies using package.json deps
8 verbose cache add [ 'grunt-cli@~0.1.9', null ]
9 verbose cache add name=undefined spec="grunt-cli@~0.1.9" args=["grunt-cli@~0.1.9",null]
10 verbose parsed url { protocol: null,
10 verbose parsed url   slashes: null,
10 verbose parsed url   auth: null,
10 verbose parsed url   host: null,
10 verbose parsed url   port: null,
10 verbose parsed url   hostname: null,
10 verbose parsed url   hash: null,
10 verbose parsed url   search: null,
10 verbose parsed url   query: null,
10 verbose parsed url   pathname: 'grunt-cli@~0.1.9',
10 verbose parsed url   path: 'grunt-cli@~0.1.9',
10 verbose parsed url   href: 'grunt-cli@~0.1.9' }
11 verbose cache add name="grunt-cli" spec="~0.1.9" args=["grunt-cli","~0.1.9"]
12 verbose parsed url { protocol: null,
12 verbose parsed url   slashes: null,
12 verbose parsed url   auth: null,
12 verbose parsed url   host: null,
12 verbose parsed url   port: null,
12 verbose parsed url   hostname: null,
12 verbose parsed url   hash: null,
12 verbose parsed url   search: null,
12 verbose parsed url   query: null,
12 verbose parsed url   pathname: '~0.1.9',
12 verbose parsed url   path: '~0.1.9',
12 verbose parsed url   href: '~0.1.9' }
13 verbose addNamed [ 'grunt-cli', '~0.1.9' ]
14 verbose addNamed [ null, '>=0.1.9-0 <0.2.0-0' ]
15 verbose cache add [ 'grunt-contrib-jshint@~0.7.2', null ]
16 verbose cache add name=undefined spec="grunt-contrib-jshint@~0.7.2" args=["grunt-contrib-jshint@~0.7.2",null]
17 verbose parsed url { protocol: null,
17 verbose parsed url   slashes: null,
17 verbose parsed url   auth: null,
17 verbose parsed url   host: null,
17 verbose parsed url   port: null,
17 verbose parsed url   hostname: null,
17 verbose parsed url   hash: null,
17 verbose parsed url   search: null,
17 verbose parsed url   query: null,
17 verbose parsed url   pathname: 'grunt-contrib-jshint@~0.7.2',
17 verbose parsed url   path: 'grunt-contrib-jshint@~0.7.2',
17 verbose parsed url   href: 'grunt-contrib-jshint@~0.7.2' }
18 verbose cache add name="grunt-contrib-jshint" spec="~0.7.2" args=["grunt-contrib-jshint","~0.7.2"]
19 verbose parsed url { protocol: null,
19 verbose parsed url   slashes: null,
19 verbose parsed url   auth: null,
19 verbose parsed url   host: null,
19 verbose parsed url   port: null,
19 verbose parsed url   hostname: null,
19 verbose parsed url   hash: null,
19 verbose parsed url   search: null,
19 verbose parsed url   query: null,
19 verbose parsed url   pathname: '~0.7.2',
19 verbose parsed url   path: '~0.7.2',
19 verbose parsed url   href: '~0.7.2' }
20 verbose addNamed [ 'grunt-contrib-jshint', '~0.7.2' ]
21 verbose addNamed [ null, '>=0.7.2-0 <0.8.0-0' ]
22 verbose cache add [ 'grunt-contrib-jasmine@0.4.x', null ]
23 verbose cache add name=undefined spec="grunt-contrib-jasmine@0.4.x" args=["grunt-contrib-jasmine@0.4.x",null]
24 verbose parsed url { protocol: null,
24 verbose parsed url   slashes: null,
24 verbose parsed url   auth: null,
24 verbose parsed url   host: null,
24 verbose parsed url   port: null,
24 verbose parsed url   hostname: null,
24 verbose parsed url   hash: null,
24 verbose parsed url   search: null,
24 verbose parsed url   query: null,
24 verbose parsed url   pathname: 'grunt-contrib-jasmine@0.4.x',
24 verbose parsed url   path: 'grunt-contrib-jasmine@0.4.x',
24 verbose parsed url   href: 'grunt-contrib-jasmine@0.4.x' }
25 verbose cache add name="grunt-contrib-jasmine" spec="0.4.x" args=["grunt-contrib-jasmine","0.4.x"]
26 verbose parsed url { protocol: null,
26 verbose parsed url   slashes: null,
26 verbose parsed url   auth: null,
26 verbose parsed url   host: null,
26 verbose parsed url   port: null,
26 verbose parsed url   hostname: null,
26 verbose parsed url   hash: null,
26 verbose parsed url   search: null,
26 verbose parsed url   query: null,
26 verbose parsed url   pathname: '0.4.x',
26 verbose parsed url   path: '0.4.x',
26 verbose parsed url   href: '0.4.x' }
27 verbose addNamed [ 'grunt-contrib-jasmine', '0.4.x' ]
28 verbose addNamed [ null, '>=0.4.0-0 <0.5.0-0' ]
29 verbose cache add [ 'bower@^1.3.4', null ]
30 verbose cache add name=undefined spec="bower@^1.3.4" args=["bower@^1.3.4",null]
31 verbose parsed url { protocol: null,
31 verbose parsed url   slashes: null,
31 verbose parsed url   auth: null,
31 verbose parsed url   host: null,
31 verbose parsed url   port: null,
31 verbose parsed url   hostname: null,
31 verbose parsed url   hash: null,
31 verbose parsed url   search: null,
31 verbose parsed url   query: null,
31 verbose parsed url   pathname: 'bower@^1.3.4',
31 verbose parsed url   path: 'bower@^1.3.4',
31 verbose parsed url   href: 'bower@^1.3.4' }
32 verbose cache add name="bower" spec="^1.3.4" args=["bower","^1.3.4"]
33 verbose parsed url { protocol: null,
33 verbose parsed url   slashes: null,
33 verbose parsed url   auth: null,
33 verbose parsed url   host: null,
33 verbose parsed url   port: null,
33 verbose parsed url   hostname: null,
33 verbose parsed url   hash: null,
33 verbose parsed url   search: null,
33 verbose parsed url   query: null,
33 verbose parsed url   pathname: '^1.3.4',
33 verbose parsed url   path: '^1.3.4',
33 verbose parsed url   href: '^1.3.4' }
34 verbose addNamed [ 'bower', '^1.3.4' ]
35 verbose addNamed [ null, '>=1.3.4-0 <2.0.0-0' ]
36 silly lockFile d81a8200-grunt-cli-0-1-9 grunt-cli@~0.1.9
37 verbose lock grunt-cli@~0.1.9 /Users/csterling/.npm/d81a8200-grunt-cli-0-1-9.lock
38 silly lockFile 31601194-grunt-contrib-jshint-0-7-2 grunt-contrib-jshint@~0.7.2
39 verbose lock grunt-contrib-jshint@~0.7.2 /Users/csterling/.npm/31601194-grunt-contrib-jshint-0-7-2.lock
40 silly lockFile 5e8dff72-grunt-contrib-jasmine-0-4-x grunt-contrib-jasmine@0.4.x
41 verbose lock grunt-contrib-jasmine@0.4.x /Users/csterling/.npm/5e8dff72-grunt-contrib-jasmine-0-4-x.lock
42 verbose cache add [ 'karma@^0.12.16', null ]
43 verbose cache add name=undefined spec="karma@^0.12.16" args=["karma@^0.12.16",null]
44 verbose parsed url { protocol: null,
44 verbose parsed url   slashes: null,
44 verbose parsed url   auth: null,
44 verbose parsed url   host: null,
44 verbose parsed url   port: null,
44 verbose parsed url   hostname: null,
44 verbose parsed url   hash: null,
44 verbose parsed url   search: null,
44 verbose parsed url   query: null,
44 verbose parsed url   pathname: 'karma@^0.12.16',
44 verbose parsed url   path: 'karma@^0.12.16',
44 verbose parsed url   href: 'karma@^0.12.16' }
45 verbose cache add name="karma" spec="^0.12.16" args=["karma","^0.12.16"]
46 verbose parsed url { protocol: null,
46 verbose parsed url   slashes: null,
46 verbose parsed url   auth: null,
46 verbose parsed url   host: null,
46 verbose parsed url   port: null,
46 verbose parsed url   hostname: null,
46 verbose parsed url   hash: null,
46 verbose parsed url   search: null,
46 verbose parsed url   query: null,
46 verbose parsed url   pathname: '^0.12.16',
46 verbose parsed url   path: '^0.12.16',
46 verbose parsed url   href: '^0.12.16' }
47 verbose addNamed [ 'karma', '^0.12.16' ]
48 verbose addNamed [ null, '>=0.12.16-0 <0.13.0-0' ]
49 silly lockFile 544376fe-karma-0-12-16 karma@^0.12.16
50 verbose lock karma@^0.12.16 /Users/csterling/.npm/544376fe-karma-0-12-16.lock
51 verbose cache add [ 'grunt-karma@^0.8.3', null ]
52 verbose cache add name=undefined spec="grunt-karma@^0.8.3" args=["grunt-karma@^0.8.3",null]
53 verbose parsed url { protocol: null,
53 verbose parsed url   slashes: null,
53 verbose parsed url   auth: null,
53 verbose parsed url   host: null,
53 verbose parsed url   port: null,
53 verbose parsed url   hostname: null,
53 verbose parsed url   hash: null,
53 verbose parsed url   search: null,
53 verbose parsed url   query: null,
53 verbose parsed url   pathname: 'grunt-karma@^0.8.3',
53 verbose parsed url   path: 'grunt-karma@^0.8.3',
53 verbose parsed url   href: 'grunt-karma@^0.8.3' }
54 verbose cache add name="grunt-karma" spec="^0.8.3" args=["grunt-karma","^0.8.3"]
55 verbose parsed url { protocol: null,
55 verbose parsed url   slashes: null,
55 verbose parsed url   auth: null,
55 verbose parsed url   host: null,
55 verbose parsed url   port: null,
55 verbose parsed url   hostname: null,
55 verbose parsed url   hash: null,
55 verbose parsed url   search: null,
55 verbose parsed url   query: null,
55 verbose parsed url   pathname: '^0.8.3',
55 verbose parsed url   path: '^0.8.3',
55 verbose parsed url   href: '^0.8.3' }
56 verbose addNamed [ 'grunt-karma', '^0.8.3' ]
57 verbose addNamed [ null, '>=0.8.3-0 <0.9.0-0' ]
58 silly lockFile 71955cb8-grunt-karma-0-8-3 grunt-karma@^0.8.3
59 verbose lock grunt-karma@^0.8.3 /Users/csterling/.npm/71955cb8-grunt-karma-0-8-3.lock
60 verbose cache add [ 'karma-jasmine@^0.1.5', null ]
61 verbose cache add name=undefined spec="karma-jasmine@^0.1.5" args=["karma-jasmine@^0.1.5",null]
62 verbose parsed url { protocol: null,
62 verbose parsed url   slashes: null,
62 verbose parsed url   auth: null,
62 verbose parsed url   host: null,
62 verbose parsed url   port: null,
62 verbose parsed url   hostname: null,
62 verbose parsed url   hash: null,
62 verbose parsed url   search: null,
62 verbose parsed url   query: null,
62 verbose parsed url   pathname: 'karma-jasmine@^0.1.5',
62 verbose parsed url   path: 'karma-jasmine@^0.1.5',
62 verbose parsed url   href: 'karma-jasmine@^0.1.5' }
63 verbose cache add name="karma-jasmine" spec="^0.1.5" args=["karma-jasmine","^0.1.5"]
64 verbose parsed url { protocol: null,
64 verbose parsed url   slashes: null,
64 verbose parsed url   auth: null,
64 verbose parsed url   host: null,
64 verbose parsed url   port: null,
64 verbose parsed url   hostname: null,
64 verbose parsed url   hash: null,
64 verbose parsed url   search: null,
64 verbose parsed url   query: null,
64 verbose parsed url   pathname: '^0.1.5',
64 verbose parsed url   path: '^0.1.5',
64 verbose parsed url   href: '^0.1.5' }
65 verbose addNamed [ 'karma-jasmine', '^0.1.5' ]
66 verbose addNamed [ null, '>=0.1.5-0 <0.2.0-0' ]
67 silly lockFile 36fc1519-karma-jasmine-0-1-5 karma-jasmine@^0.1.5
68 verbose lock karma-jasmine@^0.1.5 /Users/csterling/.npm/36fc1519-karma-jasmine-0-1-5.lock
69 silly lockFile 19ff231d-bower-1-3-4 bower@^1.3.4
70 verbose lock bower@^1.3.4 /Users/csterling/.npm/19ff231d-bower-1-3-4.lock
71 verbose cache add [ 'karma-phantomjs-launcher@^0.1.4', null ]
72 verbose cache add name=undefined spec="karma-phantomjs-launcher@^0.1.4" args=["karma-phantomjs-launcher@^0.1.4",null]
73 verbose parsed url { protocol: null,
73 verbose parsed url   slashes: null,
73 verbose parsed url   auth: null,
73 verbose parsed url   host: null,
73 verbose parsed url   port: null,
73 verbose parsed url   hostname: null,
73 verbose parsed url   hash: null,
73 verbose parsed url   search: null,
73 verbose parsed url   query: null,
73 verbose parsed url   pathname: 'karma-phantomjs-launcher@^0.1.4',
73 verbose parsed url   path: 'karma-phantomjs-launcher@^0.1.4',
73 verbose parsed url   href: 'karma-phantomjs-launcher@^0.1.4' }
74 verbose cache add name="karma-phantomjs-launcher" spec="^0.1.4" args=["karma-phantomjs-launcher","^0.1.4"]
75 verbose parsed url { protocol: null,
75 verbose parsed url   slashes: null,
75 verbose parsed url   auth: null,
75 verbose parsed url   host: null,
75 verbose parsed url   port: null,
75 verbose parsed url   hostname: null,
75 verbose parsed url   hash: null,
75 verbose parsed url   search: null,
75 verbose parsed url   query: null,
75 verbose parsed url   pathname: '^0.1.4',
75 verbose parsed url   path: '^0.1.4',
75 verbose parsed url   href: '^0.1.4' }
76 verbose addNamed [ 'karma-phantomjs-launcher', '^0.1.4' ]
77 verbose addNamed [ null, '>=0.1.4-0 <0.2.0-0' ]
78 silly lockFile a2b6b896-karma-phantomjs-launcher-0-1-4 karma-phantomjs-launcher@^0.1.4
79 verbose lock karma-phantomjs-launcher@^0.1.4 /Users/csterling/.npm/a2b6b896-karma-phantomjs-launcher-0-1-4.lock
80 verbose cache add [ 'grunt@~0.4.1', null ]
81 verbose cache add name=undefined spec="grunt@~0.4.1" args=["grunt@~0.4.1",null]
82 verbose parsed url { protocol: null,
82 verbose parsed url   slashes: null,
82 verbose parsed url   auth: null,
82 verbose parsed url   host: null,
82 verbose parsed url   port: null,
82 verbose parsed url   hostname: null,
82 verbose parsed url   hash: null,
82 verbose parsed url   search: null,
82 verbose parsed url   query: null,
82 verbose parsed url   pathname: 'grunt@~0.4.1',
82 verbose parsed url   path: 'grunt@~0.4.1',
82 verbose parsed url   href: 'grunt@~0.4.1' }
83 verbose cache add name="grunt" spec="~0.4.1" args=["grunt","~0.4.1"]
84 verbose parsed url { protocol: null,
84 verbose parsed url   slashes: null,
84 verbose parsed url   auth: null,
84 verbose parsed url   host: null,
84 verbose parsed url   port: null,
84 verbose parsed url   hostname: null,
84 verbose parsed url   hash: null,
84 verbose parsed url   search: null,
84 verbose parsed url   query: null,
84 verbose parsed url   pathname: '~0.4.1',
84 verbose parsed url   path: '~0.4.1',
84 verbose parsed url   href: '~0.4.1' }
85 verbose addNamed [ 'grunt', '~0.4.1' ]
86 verbose addNamed [ null, '>=0.4.1-0 <0.5.0-0' ]
87 silly lockFile 766a3bd3-grunt-0-4-1 grunt@~0.4.1
88 verbose lock grunt@~0.4.1 /Users/csterling/.npm/766a3bd3-grunt-0-4-1.lock
89 silly addNameRange { name: 'grunt-cli',
89 silly addNameRange   range: '>=0.1.9-0 <0.2.0-0',
89 silly addNameRange   hasData: false }
90 silly addNameRange { name: 'grunt-contrib-jshint',
90 silly addNameRange   range: '>=0.7.2-0 <0.8.0-0',
90 silly addNameRange   hasData: false }
91 silly addNameRange { name: 'grunt-contrib-jasmine',
91 silly addNameRange   range: '>=0.4.0-0 <0.5.0-0',
91 silly addNameRange   hasData: false }
92 silly addNameRange { name: 'karma', range: '>=0.12.16-0 <0.13.0-0', hasData: false }
93 silly addNameRange { name: 'grunt-karma',
93 silly addNameRange   range: '>=0.8.3-0 <0.9.0-0',
93 silly addNameRange   hasData: false }
94 silly addNameRange { name: 'karma-jasmine',
94 silly addNameRange   range: '>=0.1.5-0 <0.2.0-0',
94 silly addNameRange   hasData: false }
95 silly addNameRange { name: 'bower', range: '>=1.3.4-0 <2.0.0-0', hasData: false }
96 silly addNameRange { name: 'karma-phantomjs-launcher',
96 silly addNameRange   range: '>=0.1.4-0 <0.2.0-0',
96 silly addNameRange   hasData: false }
97 silly addNameRange { name: 'grunt', range: '>=0.4.1-0 <0.5.0-0', hasData: false }
98 verbose url raw grunt-contrib-jasmine
99 verbose url resolving [ 'http://registry.npmjs.org.au/', './grunt-contrib-jasmine' ]
100 verbose url resolved http://registry.npmjs.org.au/grunt-contrib-jasmine
101 info trying registry request attempt 1 at 13:02:17
102 verbose etag "4O909GCAL8ZA3FD8WBNZHZ2L0"
103 http GET http://registry.npmjs.org.au/grunt-contrib-jasmine
104 verbose url raw grunt-contrib-jshint
105 verbose url resolving [ 'http://registry.npmjs.org.au/', './grunt-contrib-jshint' ]
106 verbose url resolved http://registry.npmjs.org.au/grunt-contrib-jshint
107 info trying registry request attempt 1 at 13:02:17
108 verbose etag "CPWGLP92RSUSI3S7ETN9DOQKP"
109 http GET http://registry.npmjs.org.au/grunt-contrib-jshint
110 verbose url raw grunt-cli
111 verbose url resolving [ 'http://registry.npmjs.org.au/', './grunt-cli' ]
112 verbose url resolved http://registry.npmjs.org.au/grunt-cli
113 info trying registry request attempt 1 at 13:02:17
114 verbose etag "1OW8W5OHUN236T65YYBJB560F"
115 http GET http://registry.npmjs.org.au/grunt-cli
116 verbose url raw karma-jasmine
117 verbose url resolving [ 'http://registry.npmjs.org.au/', './karma-jasmine' ]
118 verbose url resolved http://registry.npmjs.org.au/karma-jasmine
119 info trying registry request attempt 1 at 13:02:17
120 verbose etag "57TZRMAG7L6EO94D86VW9AX6B"
121 http GET http://registry.npmjs.org.au/karma-jasmine
122 verbose url raw karma-phantomjs-launcher
123 verbose url resolving [ 'http://registry.npmjs.org.au/',
123 verbose url resolving   './karma-phantomjs-launcher' ]
124 verbose url resolved http://registry.npmjs.org.au/karma-phantomjs-launcher
125 info trying registry request attempt 1 at 13:02:17
126 verbose etag "2QH2ZN7DR2HRP3PBOJILQPEMP"
127 http GET http://registry.npmjs.org.au/karma-phantomjs-launcher
128 verbose url raw grunt
129 verbose url resolving [ 'http://registry.npmjs.org.au/', './grunt' ]
130 verbose url resolved http://registry.npmjs.org.au/grunt
131 info trying registry request attempt 1 at 13:02:17
132 verbose etag "10XCZLKP2K2FYM5VEEER6S8CW"
133 http GET http://registry.npmjs.org.au/grunt
134 verbose url raw grunt-karma
135 verbose url resolving [ 'http://registry.npmjs.org.au/', './grunt-karma' ]
136 verbose url resolved http://registry.npmjs.org.au/grunt-karma
137 info trying registry request attempt 1 at 13:02:17
138 verbose etag "25H3YWFVUOUHNXX015QRNA4ME"
139 http GET http://registry.npmjs.org.au/grunt-karma
140 verbose url raw bower
141 verbose url resolving [ 'http://registry.npmjs.org.au/', './bower' ]
142 verbose url resolved http://registry.npmjs.org.au/bower
143 info trying registry request attempt 1 at 13:02:17
144 verbose etag "6F309B04ORO648WSKTKNA6CYO"
145 http GET http://registry.npmjs.org.au/bower
146 verbose url raw karma
147 verbose url resolving [ 'http://registry.npmjs.org.au/', './karma' ]
148 verbose url resolved http://registry.npmjs.org.au/karma
149 info trying registry request attempt 1 at 13:02:17
150 verbose etag "1QZOYFOMKZWFVW4NQ1YWYYI59"
151 http GET http://registry.npmjs.org.au/karma
152 http 304 http://registry.npmjs.org.au/grunt-contrib-jshint
153 silly registry.get cb [ 304,
153 silly registry.get   { server: 'nginx/1.6.0',
153 silly registry.get     date: 'Sat, 07 Jun 2014 20:00:13 GMT',
153 silly registry.get     'content-length': '0',
153 silly registry.get     connection: 'keep-alive',
153 silly registry.get     etag: '"CPWGLP92RSUSI3S7ETN9DOQKP"' } ]
154 verbose etag grunt-contrib-jshint from cache
155 http 304 http://registry.npmjs.org.au/grunt-cli
156 silly registry.get cb [ 304,
156 silly registry.get   { server: 'nginx/1.6.0',
156 silly registry.get     date: 'Sat, 07 Jun 2014 20:00:13 GMT',
156 silly registry.get     'content-length': '0',
156 silly registry.get     connection: 'keep-alive',
156 silly registry.get     etag: '"1OW8W5OHUN236T65YYBJB560F"' } ]
157 verbose etag grunt-cli from cache
158 http 304 http://registry.npmjs.org.au/grunt-contrib-jasmine
159 silly registry.get cb [ 304,
159 silly registry.get   { server: 'nginx/1.6.0',
159 silly registry.get     date: 'Sat, 07 Jun 2014 20:00:13 GMT',
159 silly registry.get     'content-length': '0',
159 silly registry.get     connection: 'keep-alive',
159 silly registry.get     etag: '"4O909GCAL8ZA3FD8WBNZHZ2L0"' } ]
160 verbose etag grunt-contrib-jasmine from cache
161 http 304 http://registry.npmjs.org.au/karma-jasmine
162 silly registry.get cb [ 304,
162 silly registry.get   { server: 'nginx/1.6.0',
162 silly registry.get     date: 'Sat, 07 Jun 2014 20:00:13 GMT',
162 silly registry.get     'content-length': '0',
162 silly registry.get     connection: 'keep-alive',
162 silly registry.get     etag: '"57TZRMAG7L6EO94D86VW9AX6B"' } ]
163 verbose etag karma-jasmine from cache
164 http 304 http://registry.npmjs.org.au/karma-phantomjs-launcher
165 silly registry.get cb [ 304,
165 silly registry.get   { server: 'nginx/1.6.0',
165 silly registry.get     date: 'Sat, 07 Jun 2014 20:00:13 GMT',
165 silly registry.get     'content-length': '0',
165 silly registry.get     connection: 'keep-alive',
165 silly registry.get     etag: '"2QH2ZN7DR2HRP3PBOJILQPEMP"' } ]
166 verbose etag karma-phantomjs-launcher from cache
167 silly addNameRange number 2 { name: 'grunt-contrib-jshint',
167 silly addNameRange   range: '>=0.7.2-0 <0.8.0-0',
167 silly addNameRange   hasData: true }
168 silly addNameRange versions [ 'grunt-contrib-jshint',
168 silly addNameRange   [ '0.1.0',
168 silly addNameRange     '0.1.1',
168 silly addNameRange     '0.2.0',
168 silly addNameRange     '0.3.0',
168 silly addNameRange     '0.4.0',
168 silly addNameRange     '0.4.1',
168 silly addNameRange     '0.4.2',
168 silly addNameRange     '0.4.3',
168 silly addNameRange     '0.5.0',
168 silly addNameRange     '0.5.1',
168 silly addNameRange     '0.5.2',
168 silly addNameRange     '0.5.3',
168 silly addNameRange     '0.5.4',
168 silly addNameRange     '0.6.0',
168 silly addNameRange     '0.6.1',
168 silly addNameRange     '0.6.2',
168 silly addNameRange     '0.6.3',
168 silly addNameRange     '0.6.4',
168 silly addNameRange     '0.6.5',
168 silly addNameRange     '0.7.0',
168 silly addNameRange     '0.7.1',
168 silly addNameRange     '0.7.2',
168 silly addNameRange     '0.8.0',
168 silly addNameRange     '0.9.0',
168 silly addNameRange     '0.9.1',
168 silly addNameRange     '0.9.2',
168 silly addNameRange     '0.10.0',
168 silly addNameRange     '0.1.1-rc5',
168 silly addNameRange     '0.1.1-rc6' ] ]
169 verbose addNamed [ 'grunt-contrib-jshint', '0.7.2' ]
170 verbose addNamed [ '0.7.2', '0.7.2' ]
171 silly lockFile ee270f24-grunt-contrib-jshint-0-7-2 grunt-contrib-jshint@0.7.2
172 verbose lock grunt-contrib-jshint@0.7.2 /Users/csterling/.npm/ee270f24-grunt-contrib-jshint-0-7-2.lock
173 silly addNameRange number 2 { name: 'grunt-cli', range: '>=0.1.9-0 <0.2.0-0', hasData: true }
174 silly addNameRange versions [ 'grunt-cli',
174 silly addNameRange   [ '0.1.0',
174 silly addNameRange     '0.1.1',
174 silly addNameRange     '0.1.2',
174 silly addNameRange     '0.1.3',
174 silly addNameRange     '0.1.4',
174 silly addNameRange     '0.1.5',
174 silly addNameRange     '0.1.6',
174 silly addNameRange     '0.1.7',
174 silly addNameRange     '0.1.8',
174 silly addNameRange     '0.1.9',
174 silly addNameRange     '0.1.10',
174 silly addNameRange     '0.1.11',
174 silly addNameRange     '0.1.12',
174 silly addNameRange     '0.1.13' ] ]
175 verbose addNamed [ 'grunt-cli', '0.1.13' ]
176 verbose addNamed [ '0.1.13', '0.1.13' ]
177 silly lockFile 28997503-grunt-cli-0-1-13 grunt-cli@0.1.13
178 verbose lock grunt-cli@0.1.13 /Users/csterling/.npm/28997503-grunt-cli-0-1-13.lock
179 silly addNameRange number 2 { name: 'grunt-contrib-jasmine',
179 silly addNameRange   range: '>=0.4.0-0 <0.5.0-0',
179 silly addNameRange   hasData: true }
180 silly addNameRange versions [ 'grunt-contrib-jasmine',
180 silly addNameRange   [ '0.1.0',
180 silly addNameRange     '0.1.1',
180 silly addNameRange     '0.2.0',
180 silly addNameRange     '0.3.1',
180 silly addNameRange     '0.3.2',
180 silly addNameRange     '0.3.3',
180 silly addNameRange     '0.4.0',
180 silly addNameRange     '0.4.1',
180 silly addNameRange     '0.4.2',
180 silly addNameRange     '0.5.0',
180 silly addNameRange     '0.5.1',
180 silly addNameRange     '0.5.2',
180 silly addNameRange     '0.3.0-rc5',
180 silly addNameRange     '0.3.0-rc7',
180 silly addNameRange     '0.3.1-rc7',
180 silly addNameRange     '0.6.0',
180 silly addNameRange     '0.6.1',
180 silly addNameRange     '0.5.3',
180 silly addNameRange     '0.6.2',
180 silly addNameRange     '0.6.3',
180 silly addNameRange     '0.6.4',
180 silly addNameRange     '0.6.5' ] ]
181 verbose addNamed [ 'grunt-contrib-jasmine', '0.4.2' ]
182 verbose addNamed [ '0.4.2', '0.4.2' ]
183 silly lockFile 03dd4bb9-grunt-contrib-jasmine-0-4-2 grunt-contrib-jasmine@0.4.2
184 verbose lock grunt-contrib-jasmine@0.4.2 /Users/csterling/.npm/03dd4bb9-grunt-contrib-jasmine-0-4-2.lock
185 silly addNameRange number 2 { name: 'karma-jasmine',
185 silly addNameRange   range: '>=0.1.5-0 <0.2.0-0',
185 silly addNameRange   hasData: true }
186 silly addNameRange versions [ 'karma-jasmine',
186 silly addNameRange   [ '0.0.1',
186 silly addNameRange     '0.0.2',
186 silly addNameRange     '0.0.3',
186 silly addNameRange     '0.1.0',
186 silly addNameRange     '0.1.1',
186 silly addNameRange     '0.1.2',
186 silly addNameRange     '0.1.3',
186 silly addNameRange     '0.1.4',
186 silly addNameRange     '0.1.5',
186 silly addNameRange     '0.2.0',
186 silly addNameRange     '0.2.1',
186 silly addNameRange     '0.2.2' ] ]
187 verbose addNamed [ 'karma-jasmine', '0.1.5' ]
188 verbose addNamed [ '0.1.5', '0.1.5' ]
189 silly lockFile 46898725-karma-jasmine-0-1-5 karma-jasmine@0.1.5
190 verbose lock karma-jasmine@0.1.5 /Users/csterling/.npm/46898725-karma-jasmine-0-1-5.lock
191 silly addNameRange number 2 { name: 'karma-phantomjs-launcher',
191 silly addNameRange   range: '>=0.1.4-0 <0.2.0-0',
191 silly addNameRange   hasData: true }
192 silly addNameRange versions [ 'karma-phantomjs-launcher',
192 silly addNameRange   [ '0.0.1',
192 silly addNameRange     '0.0.2',
192 silly addNameRange     '0.0.3',
192 silly addNameRange     '0.1.0',
192 silly addNameRange     '0.1.1',
192 silly addNameRange     '0.1.2',
192 silly addNameRange     '0.1.3',
192 silly addNameRange     '0.1.4' ] ]
193 verbose addNamed [ 'karma-phantomjs-launcher', '0.1.4' ]
194 verbose addNamed [ '0.1.4', '0.1.4' ]
195 silly lockFile 5b4ecc13-karma-phantomjs-launcher-0-1-4 karma-phantomjs-launcher@0.1.4
196 verbose lock karma-phantomjs-launcher@0.1.4 /Users/csterling/.npm/5b4ecc13-karma-phantomjs-launcher-0-1-4.lock
197 silly lockFile 5b4ecc13-karma-phantomjs-launcher-0-1-4 karma-phantomjs-launcher@0.1.4
198 silly lockFile 5b4ecc13-karma-phantomjs-launcher-0-1-4 karma-phantomjs-launcher@0.1.4
199 silly lockFile a2b6b896-karma-phantomjs-launcher-0-1-4 karma-phantomjs-launcher@^0.1.4
200 silly lockFile a2b6b896-karma-phantomjs-launcher-0-1-4 karma-phantomjs-launcher@^0.1.4
201 silly lockFile 03dd4bb9-grunt-contrib-jasmine-0-4-2 grunt-contrib-jasmine@0.4.2
202 silly lockFile 03dd4bb9-grunt-contrib-jasmine-0-4-2 grunt-contrib-jasmine@0.4.2
203 silly lockFile 28997503-grunt-cli-0-1-13 grunt-cli@0.1.13
204 silly lockFile 28997503-grunt-cli-0-1-13 grunt-cli@0.1.13
205 silly lockFile 5e8dff72-grunt-contrib-jasmine-0-4-x grunt-contrib-jasmine@0.4.x
206 silly lockFile 5e8dff72-grunt-contrib-jasmine-0-4-x grunt-contrib-jasmine@0.4.x
207 silly lockFile ee270f24-grunt-contrib-jshint-0-7-2 grunt-contrib-jshint@0.7.2
208 silly lockFile ee270f24-grunt-contrib-jshint-0-7-2 grunt-contrib-jshint@0.7.2
209 silly lockFile d81a8200-grunt-cli-0-1-9 grunt-cli@~0.1.9
210 silly lockFile d81a8200-grunt-cli-0-1-9 grunt-cli@~0.1.9
211 silly lockFile 46898725-karma-jasmine-0-1-5 karma-jasmine@0.1.5
212 silly lockFile 46898725-karma-jasmine-0-1-5 karma-jasmine@0.1.5
213 silly lockFile 31601194-grunt-contrib-jshint-0-7-2 grunt-contrib-jshint@~0.7.2
214 silly lockFile 31601194-grunt-contrib-jshint-0-7-2 grunt-contrib-jshint@~0.7.2
215 silly lockFile 36fc1519-karma-jasmine-0-1-5 karma-jasmine@^0.1.5
216 silly lockFile 36fc1519-karma-jasmine-0-1-5 karma-jasmine@^0.1.5
217 http 304 http://registry.npmjs.org.au/grunt
218 silly registry.get cb [ 304,
218 silly registry.get   { server: 'nginx/1.6.0',
218 silly registry.get     date: 'Sat, 07 Jun 2014 20:00:13 GMT',
218 silly registry.get     'content-length': '0',
218 silly registry.get     connection: 'keep-alive',
218 silly registry.get     etag: '"10XCZLKP2K2FYM5VEEER6S8CW"' } ]
219 verbose etag grunt from cache
220 http 304 http://registry.npmjs.org.au/grunt-karma
221 silly registry.get cb [ 304,
221 silly registry.get   { server: 'nginx/1.6.0',
221 silly registry.get     date: 'Sat, 07 Jun 2014 20:00:13 GMT',
221 silly registry.get     'content-length': '0',
221 silly registry.get     connection: 'keep-alive',
221 silly registry.get     etag: '"25H3YWFVUOUHNXX015QRNA4ME"' } ]
222 verbose etag grunt-karma from cache
223 silly addNameRange number 2 { name: 'grunt', range: '>=0.4.1-0 <0.5.0-0', hasData: true }
224 silly addNameRange versions [ 'grunt',
224 silly addNameRange   [ '0.1.0',
224 silly addNameRange     '0.1.1',
224 silly addNameRange     '0.1.2',
224 silly addNameRange     '0.2.0',
224 silly addNameRange     '0.2.1',
224 silly addNameRange     '0.2.2',
224 silly addNameRange     '0.2.3',
224 silly addNameRange     '0.2.4',
224 silly addNameRange     '0.2.5',
224 silly addNameRange     '0.2.6',
224 silly addNameRange     '0.2.7',
224 silly addNameRange     '0.2.8',
224 silly addNameRange     '0.2.9',
224 silly addNameRange     '0.2.10',
224 silly addNameRange     '0.2.11',
224 silly addNameRange     '0.2.12',
224 silly addNameRange     '0.2.13',
224 silly addNameRange     '0.2.14',
224 silly addNameRange     '0.2.15',
224 silly addNameRange     '0.3.0',
224 silly addNameRange     '0.3.1',
224 silly addNameRange     '0.3.2',
224 silly addNameRange     '0.3.3',
224 silly addNameRange     '0.3.4',
224 silly addNameRange     '0.3.5',
224 silly addNameRange     '0.3.6',
224 silly addNameRange     '0.3.7',
224 silly addNameRange     '0.3.8',
224 silly addNameRange     '0.3.9',
224 silly addNameRange     '0.3.10',
224 silly addNameRange     '0.3.11',
224 silly addNameRange     '0.3.12',
224 silly addNameRange     '0.3.13',
224 silly addNameRange     '0.3.14',
224 silly addNameRange     '0.3.15',
224 silly addNameRange     '0.3.16',
224 silly addNameRange     '0.3.17',
224 silly addNameRange     '0.4.0',
224 silly addNameRange     '0.4.1',
224 silly addNameRange     '0.4.2',
224 silly addNameRange     '0.4.3',
224 silly addNameRange     '0.4.4',
224 silly addNameRange     '0.4.5',
224 silly addNameRange     '0.3.13-a',
224 silly addNameRange     '0.4.0-a',
224 silly addNameRange     '0.4.0-rc1',
224 silly addNameRange     '0.4.0-rc2',
224 silly addNameRange     '0.4.0-rc3',
224 silly addNameRange     '0.4.0-rc4',
224 silly addNameRange     '0.4.0-rc5',
224 silly addNameRange     '0.4.0-rc6',
224 silly addNameRange     '0.4.0-rc7',
224 silly addNameRange     '0.4.0-rc8' ] ]
225 verbose addNamed [ 'grunt', '0.4.5' ]
226 verbose addNamed [ '0.4.5', '0.4.5' ]
227 silly lockFile 81abf7ad-grunt-0-4-5 grunt@0.4.5
228 verbose lock grunt@0.4.5 /Users/csterling/.npm/81abf7ad-grunt-0-4-5.lock
229 http 304 http://registry.npmjs.org.au/bower
230 silly registry.get cb [ 304,
230 silly registry.get   { server: 'nginx/1.6.0',
230 silly registry.get     date: 'Sat, 07 Jun 2014 20:00:13 GMT',
230 silly registry.get     'content-length': '0',
230 silly registry.get     connection: 'keep-alive',
230 silly registry.get     etag: '"6F309B04ORO648WSKTKNA6CYO"' } ]
231 verbose etag bower from cache
232 silly addNameRange number 2 { name: 'grunt-karma',
232 silly addNameRange   range: '>=0.8.3-0 <0.9.0-0',
232 silly addNameRange   hasData: true }
233 silly addNameRange versions [ 'grunt-karma',
233 silly addNameRange   [ '0.3.0',
233 silly addNameRange     '0.4.0',
233 silly addNameRange     '0.4.1',
233 silly addNameRange     '0.4.2',
233 silly addNameRange     '0.4.3',
233 silly addNameRange     '0.4.4',
233 silly addNameRange     '0.5.0',
233 silly addNameRange     '0.4.5',
233 silly addNameRange     '0.5.1',
233 silly addNameRange     '0.5.2',
233 silly addNameRange     '0.4.6',
233 silly addNameRange     '0.5.3',
233 silly addNameRange     '0.5.4',
233 silly addNameRange     '0.6.0',
233 silly addNameRange     '0.6.1',
233 silly addNameRange     '0.7.0',
233 silly addNameRange     '0.6.2',
233 silly addNameRange     '0.7.1',
233 silly addNameRange     '0.7.2',
233 silly addNameRange     '0.7.3',
233 silly addNameRange     '0.8.0',
233 silly addNameRange     '0.8.1',
233 silly addNameRange     '0.8.2',
233 silly addNameRange     '0.8.3' ] ]
234 verbose addNamed [ 'grunt-karma', '0.8.3' ]
235 verbose addNamed [ '0.8.3', '0.8.3' ]
236 silly lockFile e0300b7e-grunt-karma-0-8-3 grunt-karma@0.8.3
237 verbose lock grunt-karma@0.8.3 /Users/csterling/.npm/e0300b7e-grunt-karma-0-8-3.lock
238 http 304 http://registry.npmjs.org.au/karma
239 silly registry.get cb [ 304,
239 silly registry.get   { server: 'nginx/1.6.0',
239 silly registry.get     date: 'Sat, 07 Jun 2014 20:00:13 GMT',
239 silly registry.get     'content-length': '0',
239 silly registry.get     connection: 'keep-alive',
239 silly registry.get     etag: '"1QZOYFOMKZWFVW4NQ1YWYYI59"' } ]
240 verbose etag karma from cache
241 silly addNameRange number 2 { name: 'bower', range: '>=1.3.4-0 <2.0.0-0', hasData: true }
242 silly addNameRange versions [ 'bower',
242 silly addNameRange   [ '0.1.0',
242 silly addNameRange     '0.1.2',
242 silly addNameRange     '0.1.3',
242 silly addNameRange     '0.2.0',
242 silly addNameRange     '0.3.0',
242 silly addNameRange     '0.3.1',
242 silly addNameRange     '0.3.2',
242 silly addNameRange     '0.4.0',
242 silly addNameRange     '0.5.0',
242 silly addNameRange     '0.5.1',
242 silly addNameRange     '0.6.0',
242 silly addNameRange     '0.6.1',
242 silly addNameRange     '0.6.2',
242 silly addNameRange     '0.6.3',
242 silly addNameRange     '0.6.4',
242 silly addNameRange     '0.6.5',
242 silly addNameRange     '0.6.6',
242 silly addNameRange     '0.6.7',
242 silly addNameRange     '0.6.8',
242 silly addNameRange     '0.7.0',
242 silly addNameRange     '0.7.1',
242 silly addNameRange     '0.8.0',
242 silly addNameRange     '0.8.1',
242 silly addNameRange     '0.8.2',
242 silly addNameRange     '0.8.3',
242 silly addNameRange     '0.8.4',
242 silly addNameRange     '0.8.5',
242 silly addNameRange     '0.8.6',
242 silly addNameRange     '0.9.0',
242 silly addNameRange     '0.9.1',
242 silly addNameRange     '0.9.2',
242 silly addNameRange     '0.10.0',
242 silly addNameRange     '1.0.0',
242 silly addNameRange     '1.0.1',
242 silly addNameRange     '1.0.2',
242 silly addNameRange     '1.0.3',
242 silly addNameRange     '1.1.0',
242 silly addNameRange     '1.1.1',
242 silly addNameRange     '1.1.2',
242 silly addNameRange     '1.2.0',
242 silly addNameRange     '1.2.1',
242 silly addNameRange     '1.2.2',
242 silly addNameRange     '1.2.3',
242 silly addNameRange     '1.2.4',
242 silly addNameRange     '1.2.5',
242 silly addNameRange     '1.2.6',
242 silly addNameRange     '1.2.7',
242 silly addNameRange     '1.2.8',
242 silly addNameRange     '1.3.0',
242 silly addNameRange     '1.3.1',
242 silly addNameRange     '1.3.2',
242 silly addNameRange     '1.3.3' ] ]
243 silly lockFile 19ff231d-bower-1-3-4 bower@^1.3.4
244 silly lockFile 19ff231d-bower-1-3-4 bower@^1.3.4
245 error notarget No compatible version found: bower@'>=1.3.4-0 <2.0.0-0'
245 error notarget Valid install targets:
245 error notarget ["0.1.0","0.1.2","0.1.3","0.2.0","0.3.0","0.3.1","0.3.2","0.4.0","0.5.0","0.5.1","0.6.0","0.6.1","0.6.2","0.6.3","0.6.4","0.6.5","0.6.6","0.6.7","0.6.8","0.7.0","0.7.1","0.8.0","0.8.1","0.8.2","0.8.3","0.8.4","0.8.5","0.8.6","0.9.0","0.9.1","0.9.2","0.10.0","1.0.0","1.0.1","1.0.2","1.0.3","1.1.0","1.1.1","1.1.2","1.2.0","1.2.1","1.2.2","1.2.3","1.2.4","1.2.5","1.2.6","1.2.7","1.2.8","1.3.0","1.3.1","1.3.2","1.3.3"]
245 error notarget
245 error notarget This is most likely not a problem with npm itself.
245 error notarget In most cases you or one of your dependencies are requesting
245 error notarget a package version that doesn't exist.
246 error System Darwin 13.2.0
247 error command "/Users/csterling/.nvm/v0.10.26/bin/node" "/Users/csterling/.nvm/v0.10.26/bin/npm" "install"
248 error cwd /Users/csterling/projects/hackathon/angular-safe-tools
249 error node -v v0.10.26
250 error npm -v 1.4.3
251 error code ETARGET
252 verbose exit [ 1, true ]
